#
# There is insufficient memory for the Java Runtime Environment to continue.
# Native memory allocation (malloc) failed to allocate 1048576 bytes. Error detail: AllocateHeap
# Possible reasons:
#   The system is out of physical RAM or swap space
#   This process is running with CompressedOops enabled, and the Java Heap may be blocking the growth of the native heap
# Possible solutions:
#   Reduce memory load on the system
#   Increase physical memory or swap space
#   Check if swap backing store is full
#   Decrease Java heap size (-Xmx/-Xms)
#   Decrease number of Java threads
#   Decrease Java thread stack sizes (-Xss)
#   Set larger code cache with -XX:ReservedCodeCacheSize=
#   JVM is running with Unscaled Compressed Oops mode in which the Java heap is
#     placed in the first 4GB address space. The Java Heap base address is the
#     maximum limit for the native heap growth. Please use -XX:HeapBaseMinAddress
#     to set the Java Heap base and to place the Java Heap above 4GB virtual address.
# This output file may be truncated or incomplete.
#
#  Out of Memory Error (allocation.cpp:44), pid=29348, tid=13348
#
# JRE version: OpenJDK Runtime Environment Temurin-21.0.8+9 (21.0.8+9) (build 21.0.8+9-LTS)
# Java VM: OpenJDK 64-Bit Server VM Temurin-21.0.8+9 (21.0.8+9-LTS, mixed mode, sharing, tiered, compressed oops, compressed class ptrs, parallel gc, windows-amd64)
# No core dump will be written. Minidumps are not enabled by default on client versions of Windows
#

---------------  S U M M A R Y ------------

Command Line: --add-modules=ALL-SYSTEM --add-opens=java.base/java.util=ALL-UNNAMED --add-opens=java.base/java.lang=ALL-UNNAMED --add-opens=java.base/sun.nio.fs=ALL-UNNAMED -Declipse.application=org.eclipse.jdt.ls.core.id1 -Dosgi.bundles.defaultStartLevel=4 -Declipse.product=org.eclipse.jdt.ls.core.product -Djava.import.generatesMetadataFilesAtProjectRoot=false -DDetectVMInstallationsJob.disabled=true -Dfile.encoding=utf8 -XX:+UseParallelGC -XX:GCTimeRatio=4 -XX:AdaptiveSizePolicyWeight=90 -Dsun.zip.disableMemoryMapping=true -Xmx2G -Xms100m -Xlog:disable -javaagent:c:\Users\Nickd\.vscode\extensions\redhat.java-1.46.0-win32-x64\lombok\lombok-1.18.39-4050.jar -XX:+HeapDumpOnOutOfMemoryError -XX:HeapDumpPath=c:\Users\Nickd\AppData\Roaming\Code\User\workspaceStorage\3b7f65a981b63cbc114263de887c70fd\redhat.java -Daether.dependencyCollector.impl=bf c:\Users\Nickd\.vscode\extensions\redhat.java-1.46.0-win32-x64\server\plugins\org.eclipse.equinox.launcher_1.7.0.v20250519-0528.jar -configuration c:\Users\Nickd\AppData\Roaming\Code\User\globalStorage\redhat.java\1.46.0\config_win -data c:\Users\Nickd\AppData\Roaming\Code\User\workspaceStorage\3b7f65a981b63cbc114263de887c70fd\redhat.java\jdt_ws --pipe=\\.\pipe\lsp-11c58fa885218169270a90afbb64b359-sock

Host: AMD Ryzen 5 8640HS w/ Radeon 760M Graphics     , 12 cores, 7G,  Windows 11 , 64 bit Build 26100 (10.0.26100.6725)
Time: Thu Oct 23 11:39:36 2025 Eastern Daylight Time elapsed time: 80944.975745 seconds (0d 22h 29m 4s)

---------------  T H R E A D  ---------------

Current thread (0x00000203452c1270):  JavaThread "Attach Listener" daemon [_thread_in_vm, id=13348, stack(0x0000009a0c300000,0x0000009a0c400000) (1024K)]

Stack: [0x0000009a0c300000,0x0000009a0c400000]
Native frames: (J=compiled Java code, j=interpreted, Vv=VM code, C=native code)
V  [jvm.dll+0x6d2449]
V  [jvm.dll+0x8ae341]
V  [jvm.dll+0x8b08be]
V  [jvm.dll+0x8b0fa3]
V  [jvm.dll+0x280c96]
V  [jvm.dll+0xc0347]
V  [jvm.dll+0x6d2cf9]
V  [jvm.dll+0x131116]
V  [jvm.dll+0x3f2d16]
V  [jvm.dll+0x857e6b]
V  [jvm.dll+0x6d0b0d]
C  [ucrtbase.dll+0x37b0]
C  [KERNEL32.DLL+0x2e8d7]
C  [ntdll.dll+0x8c53c]


---------------  P R O C E S S  ---------------

Threads class SMR info:
_java_thread_list=0x000002038f36c3b0, length=38, elements={
0x000002032c60f680, 0x000002032eb9dd80, 0x00000203452bcf80, 0x00000203452c0620,
0x00000203452c1270, 0x00000203452c5840, 0x00000203452cc110, 0x00000203877a06f0,
0x00000203877c8820, 0x000002032eb582e0, 0x00000203879d6fe0, 0x0000020388cdad80,
0x0000020388db7c30, 0x0000020388dbd1a0, 0x0000020388db7590, 0x00000203889a5960,
0x00000203889a3f20, 0x00000203889a4c40, 0x00000203889a3890, 0x00000203889a6d10,
0x000002038d74dae0, 0x000002038d74e170, 0x000002038d74e800, 0x000002038d750240,
0x000002038d74d450, 0x000002038d74ee90, 0x000002038d74f520, 0x000002038d74fbb0,
0x000002038d74cdc0, 0x000002038d751c80, 0x000002038d7529a0, 0x000002038d752310,
0x000002038d753030, 0x000002038d7508d0, 0x000002038d7515f0, 0x000002038d753d50,
0x000002038d7543e0, 0x000002038d750f60
}

Java Threads: ( => current thread )
  0x000002032c60f680 JavaThread "main"                              [_thread_blocked, id=17516, stack(0x0000009a0bc00000,0x0000009a0bd00000) (1024K)]
  0x000002032eb9dd80 JavaThread "Reference Handler"          daemon [_thread_blocked, id=3812, stack(0x0000009a0c000000,0x0000009a0c100000) (1024K)]
  0x00000203452bcf80 JavaThread "Finalizer"                  daemon [_thread_blocked, id=7176, stack(0x0000009a0c100000,0x0000009a0c200000) (1024K)]
  0x00000203452c0620 JavaThread "Signal Dispatcher"          daemon [_thread_blocked, id=17392, stack(0x0000009a0c200000,0x0000009a0c300000) (1024K)]
=>0x00000203452c1270 JavaThread "Attach Listener"            daemon [_thread_in_vm, id=13348, stack(0x0000009a0c300000,0x0000009a0c400000) (1024K)]
  0x00000203452c5840 JavaThread "Service Thread"             daemon [_thread_blocked, id=32260, stack(0x0000009a0c400000,0x0000009a0c500000) (1024K)]
  0x00000203452cc110 JavaThread "Monitor Deflation Thread"   daemon [_thread_blocked, id=33832, stack(0x0000009a0c500000,0x0000009a0c600000) (1024K)]
  0x00000203877a06f0 JavaThread "C2 CompilerThread0"         daemon [_thread_blocked, id=18964, stack(0x0000009a0c600000,0x0000009a0c700000) (1024K)]
  0x00000203877c8820 JavaThread "C1 CompilerThread0"         daemon [_thread_blocked, id=8564, stack(0x0000009a0c700000,0x0000009a0c800000) (1024K)]
  0x000002032eb582e0 JavaThread "Common-Cleaner"             daemon [_thread_blocked, id=20508, stack(0x0000009a0c800000,0x0000009a0c900000) (1024K)]
  0x00000203879d6fe0 JavaThread "Notification Thread"        daemon [_thread_blocked, id=2336, stack(0x0000009a0c900000,0x0000009a0ca00000) (1024K)]
  0x0000020388cdad80 JavaThread "Active Thread: Equinox Container: fa4c50e7-7407-4190-8b81-69f2c12af409"        [_thread_blocked, id=18860, stack(0x0000009a0d100000,0x0000009a0d200000) (1024K)]
  0x0000020388db7c30 JavaThread "Refresh Thread: Equinox Container: fa4c50e7-7407-4190-8b81-69f2c12af409" daemon [_thread_blocked, id=10512, stack(0x0000009a0d300000,0x0000009a0d400000) (1024K)]
  0x0000020388dbd1a0 JavaThread "Framework Event Dispatcher: Equinox Container: fa4c50e7-7407-4190-8b81-69f2c12af409" daemon [_thread_blocked, id=4160, stack(0x0000009a0d400000,0x0000009a0d500000) (1024K)]
  0x0000020388db7590 JavaThread "Start Level: Equinox Container: fa4c50e7-7407-4190-8b81-69f2c12af409" daemon [_thread_blocked, id=23484, stack(0x0000009a0ca00000,0x0000009a0cb00000) (1024K)]
  0x00000203889a5960 JavaThread "Bundle File Closer"         daemon [_thread_blocked, id=11764, stack(0x0000009a0d800000,0x0000009a0d900000) (1024K)]
  0x00000203889a3f20 JavaThread "SCR Component Actor"        daemon [_thread_blocked, id=13332, stack(0x0000009a0d500000,0x0000009a0d600000) (1024K)]
  0x00000203889a4c40 JavaThread "Worker-JM"                         [_thread_blocked, id=26324, stack(0x0000009a0da00000,0x0000009a0db00000) (1024K)]
  0x00000203889a3890 JavaThread "JNA Cleaner"                daemon [_thread_blocked, id=18828, stack(0x0000009a0db00000,0x0000009a0dc00000) (1024K)]
  0x00000203889a6d10 JavaThread "Java indexing"              daemon [_thread_blocked, id=8384, stack(0x0000009a0df00000,0x0000009a0e000000) (1024K)]
  0x000002038d74dae0 JavaThread "Thread-1"                   daemon [_thread_in_native, id=24916, stack(0x0000009a0e200000,0x0000009a0e300000) (1024K)]
  0x000002038d74e170 JavaThread "Thread-2"                   daemon [_thread_in_native, id=29020, stack(0x0000009a0e300000,0x0000009a0e400000) (1024K)]
  0x000002038d74e800 JavaThread "Thread-3"                   daemon [_thread_in_native, id=26076, stack(0x0000009a0e400000,0x0000009a0e500000) (1024K)]
  0x000002038d750240 JavaThread "Thread-4"                   daemon [_thread_in_native, id=20556, stack(0x0000009a0e500000,0x0000009a0e600000) (1024K)]
  0x000002038d74d450 JavaThread "Thread-5"                   daemon [_thread_in_native, id=9952, stack(0x0000009a0e600000,0x0000009a0e700000) (1024K)]
  0x000002038d74ee90 JavaThread "Thread-6"                   daemon [_thread_in_native, id=11044, stack(0x0000009a0e700000,0x0000009a0e800000) (1024K)]
  0x000002038d74f520 JavaThread "Thread-7"                   daemon [_thread_in_native, id=24104, stack(0x0000009a0e800000,0x0000009a0e900000) (1024K)]
  0x000002038d74fbb0 JavaThread "Thread-8"                   daemon [_thread_in_native, id=29916, stack(0x0000009a0e900000,0x0000009a0ea00000) (1024K)]
  0x000002038d74cdc0 JavaThread "Thread-9"                   daemon [_thread_in_native, id=22556, stack(0x0000009a0ea00000,0x0000009a0eb00000) (1024K)]
  0x000002038d751c80 JavaThread "Thread-10"                  daemon [_thread_in_native, id=13172, stack(0x0000009a0eb00000,0x0000009a0ec00000) (1024K)]
  0x000002038d7529a0 JavaThread "Thread-11"                  daemon [_thread_in_native, id=28560, stack(0x0000009a0ec00000,0x0000009a0ed00000) (1024K)]
  0x000002038d752310 JavaThread "Thread-12"                  daemon [_thread_in_native, id=29924, stack(0x0000009a0ed00000,0x0000009a0ee00000) (1024K)]
  0x000002038d753030 JavaThread "Thread-13"                  daemon [_thread_in_native, id=11404, stack(0x0000009a0ee00000,0x0000009a0ef00000) (1024K)]
  0x000002038d7508d0 JavaThread "pool-2-thread-1"                   [_thread_blocked, id=9788, stack(0x0000009a0f000000,0x0000009a0f100000) (1024K)]
  0x000002038d7515f0 JavaThread "Worker-4"                          [_thread_blocked, id=17548, stack(0x0000009a0f100000,0x0000009a0f200000) (1024K)]
  0x000002038d753d50 JavaThread "WorkspaceEventsHandler"            [_thread_blocked, id=7552, stack(0x0000009a0f200000,0x0000009a0f300000) (1024K)]
  0x000002038d7543e0 JavaThread "pool-1-thread-1"                   [_thread_blocked, id=4620, stack(0x0000009a0f300000,0x0000009a0f400000) (1024K)]
  0x000002038d750f60 JavaThread "Worker-5"                          [_thread_blocked, id=33676, stack(0x0000009a0f500000,0x0000009a0f600000) (1024K)]
Total: 38

Other Threads:
  0x00000203452b45c0 VMThread "VM Thread"                           [id=13272, stack(0x0000009a0bf00000,0x0000009a0c000000) (1024K)]
  0x000002032eb572f0 WatcherThread "VM Periodic Task Thread"        [id=9512, stack(0x0000009a0be00000,0x0000009a0bf00000) (1024K)]
  0x000002032eb08000 WorkerThread "GC Thread#0"                     [id=27032, stack(0x0000009a0bd00000,0x0000009a0be00000) (1024K)]
  0x0000020388e007b0 WorkerThread "GC Thread#1"                     [id=25652, stack(0x0000009a0cb00000,0x0000009a0cc00000) (1024K)]
  0x0000020388e00b50 WorkerThread "GC Thread#2"                     [id=7244, stack(0x0000009a0cc00000,0x0000009a0cd00000) (1024K)]
  0x0000020388c08490 WorkerThread "GC Thread#3"                     [id=32088, stack(0x0000009a0cd00000,0x0000009a0ce00000) (1024K)]
  0x0000020388c08830 WorkerThread "GC Thread#4"                     [id=19416, stack(0x0000009a0ce00000,0x0000009a0cf00000) (1024K)]
  0x0000020388c0ce70 WorkerThread "GC Thread#5"                     [id=34096, stack(0x0000009a0cf00000,0x0000009a0d000000) (1024K)]
  0x0000020388c0d210 WorkerThread "GC Thread#6"                     [id=16956, stack(0x0000009a0d000000,0x0000009a0d100000) (1024K)]
  0x000002032eaeb5e0 WorkerThread "GC Thread#7"                     [id=34224, stack(0x0000009a0d200000,0x0000009a0d300000) (1024K)]
  0x0000020388e6f970 WorkerThread "GC Thread#8"                     [id=31988, stack(0x0000009a0d600000,0x0000009a0d700000) (1024K)]
  0x0000020388e70b90 WorkerThread "GC Thread#9"                     [id=20900, stack(0x0000009a0d700000,0x0000009a0d800000) (1024K)]
Total: 12

Threads with active compile tasks:
Total: 0

VM state: not at safepoint (normal execution)

VM Mutex/Monitor currently owned by a thread: None

Heap address: 0x0000000080000000, size: 2048 MB, Compressed Oops mode: 32-bit

CDS archive(s) mapped at: [0x0000020346000000-0x0000020346ba0000-0x0000020346ba0000), size 12189696, SharedBaseAddress: 0x0000020346000000, ArchiveRelocationMode: 1.
Compressed class space mapped at: 0x0000020347000000-0x0000020387000000, reserved size: 1073741824
Narrow klass base: 0x0000020346000000, Narrow klass shift: 0, Narrow klass range: 0x100000000

GC Precious Log:
 CardTable entry size: 512
 CPUs: 12 total, 12 available
 Memory: 7480M
 Large Page Support: Disabled
 NUMA Support: Disabled
 Compressed Oops: Enabled (32-bit)
 Alignments: Space 512K, Generation 512K, Heap 2M
 Heap Min Capacity: 100M
 Heap Initial Capacity: 100M
 Heap Max Capacity: 2G
 Pre-touch: Disabled
 Parallel Workers: 10

Heap:
 PSYoungGen      total 20992K, used 20235K [0x00000000d5580000, 0x00000000d8700000, 0x0000000100000000)
  eden space 19456K, 96% used [0x00000000d5580000,0x00000000d67e6c60,0x00000000d6880000)
  from space 1536K, 90% used [0x00000000d8580000,0x00000000d86dc060,0x00000000d8700000)
  to   space 10752K, 0% used [0x00000000d7200000,0x00000000d7200000,0x00000000d7c80000)
 ParOldGen       total 117760K, used 117562K [0x0000000080000000, 0x0000000087300000, 0x00000000d5580000)
  object space 117760K, 99% used [0x0000000080000000,0x00000000872ce800,0x0000000087300000)
 Metaspace       used 63817K, committed 65152K, reserved 1114112K
  class space    used 6995K, committed 7552K, reserved 1048576K

Card table byte_map: [0x000002032e390000,0x000002032e7a0000] _byte_map_base: 0x000002032df90000

Marking Bits: (ParMarkBitMap*) 0x00007ff877a5a340
 Begin Bits: [0x0000020340cd0000, 0x0000020342cd0000)
 End Bits:   [0x0000020342cd0000, 0x0000020344cd0000)

Polling page: 0x000002032c560000

Metaspace:

Usage:
  Non-class:     55.49 MB used.
      Class:      6.83 MB used.
       Both:     62.32 MB used.

Virtual space:
  Non-class space:       64.00 MB reserved,      56.25 MB ( 88%) committed,  1 nodes.
      Class space:        1.00 GB reserved,       7.38 MB ( <1%) committed,  1 nodes.
             Both:        1.06 GB reserved,      63.62 MB (  6%) committed. 

Chunk freelists:
   Non-Class:  7.77 MB
       Class:  8.45 MB
        Both:  16.22 MB

MaxMetaspaceSize: unlimited
CompressedClassSpaceSize: 1.00 GB
Initial GC threshold: 21.00 MB
Current GC threshold: 97.31 MB
CDS: on
 - commit_granule_bytes: 65536.
 - commit_granule_words: 8192.
 - virtual_space_node_default_size: 8388608.
 - enlarge_chunks_in_place: 1.
 - use_allocation_guard: 0.


Internal statistics:

num_allocs_failed_limit: 9.
num_arena_births: 948.
num_arena_deaths: 14.
num_vsnodes_births: 2.
num_vsnodes_deaths: 0.
num_space_committed: 1018.
num_space_uncommitted: 0.
num_chunks_returned_to_freelist: 23.
num_chunks_taken_from_freelist: 3746.
num_chunk_merges: 8.
num_chunk_splits: 2286.
num_chunks_enlarged: 1271.
num_inconsistent_stats: 0.

CodeHeap 'non-profiled nmethods': size=120000Kb used=4425Kb max_used=4425Kb free=115574Kb
 bounds [0x00000203397a0000, 0x0000020339c00000, 0x0000020340cd0000]
CodeHeap 'profiled nmethods': size=120000Kb used=15774Kb max_used=15774Kb free=104225Kb
 bounds [0x0000020331cd0000, 0x0000020332c40000, 0x0000020339200000]
CodeHeap 'non-nmethods': size=5760Kb used=1474Kb max_used=1541Kb free=4285Kb
 bounds [0x0000020339200000, 0x0000020339470000, 0x00000203397a0000]
CodeCache: size=245760Kb, used=21673Kb, max_used=21740Kb, free=224084Kb
 total_blobs=8704, nmethods=7926, adapters=684, full_count=0
Compilation: enabled, stopped_count=0, restarted_count=0

Compilation events (20 events):
Event: 78799.600 Thread 0x00000203877c8820 8627   !   3       org.eclipse.osgi.internal.framework.StorageSaver$StorageSaverTask::run (31 bytes)
Event: 78799.622 Thread 0x00000203877c8820 nmethod 8627 0x0000020332c2f490 code [0x0000020332c2f660, 0x0000020332c2f900]
Event: 78799.622 Thread 0x00000203877c8820 8628   !   3       org.eclipse.osgi.storage.Storage::save (62 bytes)
Event: 78799.625 Thread 0x00000203877c8820 nmethod 8628 0x0000020332c2fa90 code [0x0000020332c2fc80, 0x0000020332c2fff0]
Event: 78799.625 Thread 0x00000203877c8820 8629   !   3       org.eclipse.osgi.storage.Storage::save0 (246 bytes)
Event: 78799.647 Thread 0x00000203877c8820 nmethod 8629 0x0000020332c30190 code [0x0000020332c306a0, 0x0000020332c33288]
Event: 78966.942 Thread 0x00000203877c8820 8630       3       java.lang.ClassLoader::getBuiltinPlatformClassLoader (4 bytes)
Event: 78966.945 Thread 0x00000203877c8820 nmethod 8630 0x0000020332c34810 code [0x0000020332c349c0, 0x0000020332c34b10]
Event: 79056.972 Thread 0x00000203877c8820 8631       3       java.lang.ClassLoader::getPlatformClassLoader (21 bytes)
Event: 79056.973 Thread 0x00000203877c8820 nmethod 8631 0x0000020332c34b90 code [0x0000020332c34d60, 0x0000020332c34ff0]
Event: 79579.800 Thread 0x00000203877c8820 8632       3       java.util.concurrent.locks.ReentrantLock$NonfairSync::tryAcquire (27 bytes)
Event: 79579.804 Thread 0x00000203877c8820 nmethod 8632 0x0000020332c35110 code [0x0000020332c352c0, 0x0000020332c35508]
Event: 79988.699 Thread 0x00000203877a06f0 8633       4       org.eclipse.core.runtime.Assert::isNotNull (19 bytes)
Event: 79988.703 Thread 0x00000203877a06f0 nmethod 8633 0x0000020339bf1c10 code [0x0000020339bf1da0, 0x0000020339bf1e28]
Event: 79999.927 Thread 0x00000203877c8820 8634   !   3       java.util.concurrent.locks.AbstractQueuedSynchronizer::acquire (424 bytes)
Event: 79999.941 Thread 0x00000203877c8820 nmethod 8634 0x0000020332c35610 code [0x0000020332c359a0, 0x0000020332c37188]
Event: 80600.094 Thread 0x00000203877a06f0 8635       4       java.util.concurrent.ThreadPoolExecutor::beforeExecute (1 bytes)
Event: 80600.097 Thread 0x00000203877a06f0 nmethod 8635 0x0000020339bf1f10 code [0x0000020339bf20a0, 0x0000020339bf2128]
Event: 80692.258 Thread 0x00000203877a06f0 8636       4       java.util.concurrent.ThreadPoolExecutor::afterExecute (1 bytes)
Event: 80692.258 Thread 0x00000203877a06f0 nmethod 8636 0x0000020339bf2210 code [0x0000020339bf23a0, 0x0000020339bf2428]

GC Heap History (20 events):
Event: 20.535 GC heap before
{Heap before GC invocations=34 (full 2):
 PSYoungGen      total 24064K, used 23841K [0x00000000d5580000, 0x00000000d6f00000, 0x0000000100000000)
  eden space 22016K, 100% used [0x00000000d5580000,0x00000000d6b00000,0x00000000d6b00000)
  from space 2048K, 89% used [0x00000000d6c00000,0x00000000d6dc8690,0x00000000d6e00000)
  to   space 1024K, 0% used [0x00000000d6e00000,0x00000000d6e00000,0x00000000d6f00000)
 ParOldGen       total 68608K, used 44600K [0x0000000080000000, 0x0000000084300000, 0x00000000d5580000)
  object space 68608K, 65% used [0x0000000080000000,0x0000000082b8e358,0x0000000084300000)
 Metaspace       used 56825K, committed 58112K, reserved 1114112K
  class space    used 6249K, committed 6848K, reserved 1048576K
}
Event: 20.536 GC heap after
{Heap after GC invocations=34 (full 2):
 PSYoungGen      total 23040K, used 950K [0x00000000d5580000, 0x00000000d6f00000, 0x0000000100000000)
  eden space 22016K, 0% used [0x00000000d5580000,0x00000000d5580000,0x00000000d6b00000)
  from space 1024K, 92% used [0x00000000d6e00000,0x00000000d6eedac0,0x00000000d6f00000)
  to   space 1536K, 0% used [0x00000000d6c00000,0x00000000d6c00000,0x00000000d6d80000)
 ParOldGen       total 68608K, used 45540K [0x0000000080000000, 0x0000000084300000, 0x00000000d5580000)
  object space 68608K, 66% used [0x0000000080000000,0x0000000082c79138,0x0000000084300000)
 Metaspace       used 56825K, committed 58112K, reserved 1114112K
  class space    used 6249K, committed 6848K, reserved 1048576K
}
Event: 20.671 GC heap before
{Heap before GC invocations=35 (full 2):
 PSYoungGen      total 23040K, used 18398K [0x00000000d5580000, 0x00000000d6f00000, 0x0000000100000000)
  eden space 22016K, 79% used [0x00000000d5580000,0x00000000d668a020,0x00000000d6b00000)
  from space 1024K, 92% used [0x00000000d6e00000,0x00000000d6eedac0,0x00000000d6f00000)
  to   space 1536K, 0% used [0x00000000d6c00000,0x00000000d6c00000,0x00000000d6d80000)
 ParOldGen       total 68608K, used 45540K [0x0000000080000000, 0x0000000084300000, 0x00000000d5580000)
  object space 68608K, 66% used [0x0000000080000000,0x0000000082c79138,0x0000000084300000)
 Metaspace       used 58548K, committed 59776K, reserved 1114112K
  class space    used 6435K, committed 6976K, reserved 1048576K
}
Event: 20.673 GC heap after
{Heap after GC invocations=35 (full 2):
 PSYoungGen      total 23552K, used 352K [0x00000000d5580000, 0x00000000d6e80000, 0x0000000100000000)
  eden space 22016K, 0% used [0x00000000d5580000,0x00000000d5580000,0x00000000d6b00000)
  from space 1536K, 22% used [0x00000000d6c00000,0x00000000d6c58000,0x00000000d6d80000)
  to   space 1024K, 0% used [0x00000000d6d80000,0x00000000d6d80000,0x00000000d6e80000)
 ParOldGen       total 68608K, used 45572K [0x0000000080000000, 0x0000000084300000, 0x00000000d5580000)
  object space 68608K, 66% used [0x0000000080000000,0x0000000082c81138,0x0000000084300000)
 Metaspace       used 58548K, committed 59776K, reserved 1114112K
  class space    used 6435K, committed 6976K, reserved 1048576K
}
Event: 20.673 GC heap before
{Heap before GC invocations=36 (full 3):
 PSYoungGen      total 23552K, used 352K [0x00000000d5580000, 0x00000000d6e80000, 0x0000000100000000)
  eden space 22016K, 0% used [0x00000000d5580000,0x00000000d5580000,0x00000000d6b00000)
  from space 1536K, 22% used [0x00000000d6c00000,0x00000000d6c58000,0x00000000d6d80000)
  to   space 1024K, 0% used [0x00000000d6d80000,0x00000000d6d80000,0x00000000d6e80000)
 ParOldGen       total 68608K, used 45572K [0x0000000080000000, 0x0000000084300000, 0x00000000d5580000)
  object space 68608K, 66% used [0x0000000080000000,0x0000000082c81138,0x0000000084300000)
 Metaspace       used 58548K, committed 59776K, reserved 1114112K
  class space    used 6435K, committed 6976K, reserved 1048576K
}
Event: 20.729 GC heap after
{Heap after GC invocations=36 (full 3):
 PSYoungGen      total 23552K, used 0K [0x00000000d5580000, 0x00000000d6e80000, 0x0000000100000000)
  eden space 22016K, 0% used [0x00000000d5580000,0x00000000d5580000,0x00000000d6b00000)
  from space 1536K, 0% used [0x00000000d6c00000,0x00000000d6c00000,0x00000000d6d80000)
  to   space 1024K, 0% used [0x00000000d6d80000,0x00000000d6d80000,0x00000000d6e80000)
 ParOldGen       total 68608K, used 40838K [0x0000000080000000, 0x0000000084300000, 0x00000000d5580000)
  object space 68608K, 59% used [0x0000000080000000,0x00000000827e1b68,0x0000000084300000)
 Metaspace       used 58548K, committed 59776K, reserved 1114112K
  class space    used 6435K, committed 6976K, reserved 1048576K
}
Event: 20.982 GC heap before
{Heap before GC invocations=37 (full 3):
 PSYoungGen      total 23552K, used 22016K [0x00000000d5580000, 0x00000000d6e80000, 0x0000000100000000)
  eden space 22016K, 100% used [0x00000000d5580000,0x00000000d6b00000,0x00000000d6b00000)
  from space 1536K, 0% used [0x00000000d6c00000,0x00000000d6c00000,0x00000000d6d80000)
  to   space 1024K, 0% used [0x00000000d6d80000,0x00000000d6d80000,0x00000000d6e80000)
 ParOldGen       total 68608K, used 40838K [0x0000000080000000, 0x0000000084300000, 0x00000000d5580000)
  object space 68608K, 59% used [0x0000000080000000,0x00000000827e1b68,0x0000000084300000)
 Metaspace       used 60907K, committed 62272K, reserved 1114112K
  class space    used 6711K, committed 7296K, reserved 1048576K
}
Event: 20.986 GC heap after
{Heap after GC invocations=37 (full 3):
 PSYoungGen      total 20480K, used 1014K [0x00000000d5580000, 0x00000000d7500000, 0x0000000100000000)
  eden space 19456K, 0% used [0x00000000d5580000,0x00000000d5580000,0x00000000d6880000)
  from space 1024K, 99% used [0x00000000d6d80000,0x00000000d6e7d8b0,0x00000000d6e80000)
  to   space 5120K, 0% used [0x00000000d6880000,0x00000000d6880000,0x00000000d6d80000)
 ParOldGen       total 68608K, used 44171K [0x0000000080000000, 0x0000000084300000, 0x00000000d5580000)
  object space 68608K, 64% used [0x0000000080000000,0x0000000082b22e08,0x0000000084300000)
 Metaspace       used 60907K, committed 62272K, reserved 1114112K
  class space    used 6711K, committed 7296K, reserved 1048576K
}
Event: 21.079 GC heap before
{Heap before GC invocations=38 (full 3):
 PSYoungGen      total 20480K, used 18230K [0x00000000d5580000, 0x00000000d7500000, 0x0000000100000000)
  eden space 19456K, 88% used [0x00000000d5580000,0x00000000d6650230,0x00000000d6880000)
  from space 1024K, 99% used [0x00000000d6d80000,0x00000000d6e7d8b0,0x00000000d6e80000)
  to   space 5120K, 0% used [0x00000000d6880000,0x00000000d6880000,0x00000000d6d80000)
 ParOldGen       total 68608K, used 44171K [0x0000000080000000, 0x0000000084300000, 0x00000000d5580000)
  object space 68608K, 64% used [0x0000000080000000,0x0000000082b22e08,0x0000000084300000)
 Metaspace       used 61361K, committed 62656K, reserved 1114112K
  class space    used 6753K, committed 7296K, reserved 1048576K
}
Event: 21.082 GC heap after
{Heap after GC invocations=38 (full 3):
 PSYoungGen      total 24576K, used 4534K [0x00000000d5580000, 0x00000000d7280000, 0x0000000100000000)
  eden space 19456K, 0% used [0x00000000d5580000,0x00000000d5580000,0x00000000d6880000)
  from space 5120K, 88% used [0x00000000d6880000,0x00000000d6ced870,0x00000000d6d80000)
  to   space 5120K, 0% used [0x00000000d6d80000,0x00000000d6d80000,0x00000000d7280000)
 ParOldGen       total 68608K, used 51393K [0x0000000080000000, 0x0000000084300000, 0x00000000d5580000)
  object space 68608K, 74% used [0x0000000080000000,0x00000000832305e0,0x0000000084300000)
 Metaspace       used 61361K, committed 62656K, reserved 1114112K
  class space    used 6753K, committed 7296K, reserved 1048576K
}
Event: 21.138 GC heap before
{Heap before GC invocations=39 (full 3):
 PSYoungGen      total 24576K, used 23990K [0x00000000d5580000, 0x00000000d7280000, 0x0000000100000000)
  eden space 19456K, 100% used [0x00000000d5580000,0x00000000d6880000,0x00000000d6880000)
  from space 5120K, 88% used [0x00000000d6880000,0x00000000d6ced870,0x00000000d6d80000)
  to   space 5120K, 0% used [0x00000000d6d80000,0x00000000d6d80000,0x00000000d7280000)
 ParOldGen       total 79872K, used 77722K [0x0000000080000000, 0x0000000084e00000, 0x00000000d5580000)
  object space 79872K, 97% used [0x0000000080000000,0x0000000084be6b90,0x0000000084e00000)
 Metaspace       used 61382K, committed 62720K, reserved 1114112K
  class space    used 6755K, committed 7296K, reserved 1048576K
}
Event: 21.139 GC heap after
{Heap after GC invocations=39 (full 3):
 PSYoungGen      total 19968K, used 416K [0x00000000d5580000, 0x00000000d6e00000, 0x0000000100000000)
  eden space 19456K, 0% used [0x00000000d5580000,0x00000000d5580000,0x00000000d6880000)
  from space 512K, 81% used [0x00000000d6d80000,0x00000000d6de8000,0x00000000d6e00000)
  to   space 2048K, 0% used [0x00000000d6a00000,0x00000000d6a00000,0x00000000d6c00000)
 ParOldGen       total 79872K, used 78184K [0x0000000080000000, 0x0000000084e00000, 0x00000000d5580000)
  object space 79872K, 97% used [0x0000000080000000,0x0000000084c5a090,0x0000000084e00000)
 Metaspace       used 61382K, committed 62720K, reserved 1114112K
  class space    used 6755K, committed 7296K, reserved 1048576K
}
Event: 21.200 GC heap before
{Heap before GC invocations=40 (full 3):
 PSYoungGen      total 19968K, used 19872K [0x00000000d5580000, 0x00000000d6e00000, 0x0000000100000000)
  eden space 19456K, 100% used [0x00000000d5580000,0x00000000d6880000,0x00000000d6880000)
  from space 512K, 81% used [0x00000000d6d80000,0x00000000d6de8000,0x00000000d6e00000)
  to   space 2048K, 0% used [0x00000000d6a00000,0x00000000d6a00000,0x00000000d6c00000)
 ParOldGen       total 79872K, used 78184K [0x0000000080000000, 0x0000000084e00000, 0x00000000d5580000)
  object space 79872K, 97% used [0x0000000080000000,0x0000000084c5a090,0x0000000084e00000)
 Metaspace       used 61585K, committed 62912K, reserved 1114112K
  class space    used 6777K, committed 7360K, reserved 1048576K
}
Event: 21.210 GC heap after
{Heap after GC invocations=40 (full 3):
 PSYoungGen      total 21504K, used 2027K [0x00000000d5580000, 0x00000000d8680000, 0x0000000100000000)
  eden space 19456K, 0% used [0x00000000d5580000,0x00000000d5580000,0x00000000d6880000)
  from space 2048K, 98% used [0x00000000d6a00000,0x00000000d6bfac88,0x00000000d6c00000)
  to   space 15360K, 0% used [0x00000000d7780000,0x00000000d7780000,0x00000000d8680000)
 ParOldGen       total 89088K, used 89016K [0x0000000080000000, 0x0000000085700000, 0x00000000d5580000)
  object space 89088K, 99% used [0x0000000080000000,0x00000000856ee090,0x0000000085700000)
 Metaspace       used 61585K, committed 62912K, reserved 1114112K
  class space    used 6777K, committed 7360K, reserved 1048576K
}
Event: 21.258 GC heap before
{Heap before GC invocations=41 (full 3):
 PSYoungGen      total 21504K, used 21483K [0x00000000d5580000, 0x00000000d8680000, 0x0000000100000000)
  eden space 19456K, 100% used [0x00000000d5580000,0x00000000d6880000,0x00000000d6880000)
  from space 2048K, 98% used [0x00000000d6a00000,0x00000000d6bfac88,0x00000000d6c00000)
  to   space 15360K, 0% used [0x00000000d7780000,0x00000000d7780000,0x00000000d8680000)
 ParOldGen       total 89088K, used 89016K [0x0000000080000000, 0x0000000085700000, 0x00000000d5580000)
  object space 89088K, 99% used [0x0000000080000000,0x00000000856ee090,0x0000000085700000)
 Metaspace       used 61870K, committed 63296K, reserved 1114112K
  class space    used 6790K, committed 7360K, reserved 1048576K
}
Event: 21.268 GC heap after
{Heap after GC invocations=41 (full 3):
 PSYoungGen      total 32768K, used 13056K [0x00000000d5580000, 0x00000000d8480000, 0x0000000100000000)
  eden space 19456K, 0% used [0x00000000d5580000,0x00000000d5580000,0x00000000d6880000)
  from space 13312K, 98% used [0x00000000d7780000,0x00000000d8440000,0x00000000d8480000)
  to   space 13824K, 0% used [0x00000000d6980000,0x00000000d6980000,0x00000000d7700000)
 ParOldGen       total 91136K, used 91093K [0x0000000080000000, 0x0000000085900000, 0x00000000d5580000)
  object space 91136K, 99% used [0x0000000080000000,0x00000000858f5438,0x0000000085900000)
 Metaspace       used 61870K, committed 63296K, reserved 1114112K
  class space    used 6790K, committed 7360K, reserved 1048576K
}
Event: 21.340 GC heap before
{Heap before GC invocations=42 (full 3):
 PSYoungGen      total 32768K, used 32512K [0x00000000d5580000, 0x00000000d8480000, 0x0000000100000000)
  eden space 19456K, 100% used [0x00000000d5580000,0x00000000d6880000,0x00000000d6880000)
  from space 13312K, 98% used [0x00000000d7780000,0x00000000d8440000,0x00000000d8480000)
  to   space 13824K, 0% used [0x00000000d6980000,0x00000000d6980000,0x00000000d7700000)
 ParOldGen       total 91136K, used 91093K [0x0000000080000000, 0x0000000085900000, 0x00000000d5580000)
  object space 91136K, 99% used [0x0000000080000000,0x00000000858f5438,0x0000000085900000)
 Metaspace       used 61980K, committed 63360K, reserved 1114112K
  class space    used 6803K, committed 7360K, reserved 1048576K
}
Event: 21.353 GC heap after
{Heap after GC invocations=42 (full 3):
 PSYoungGen      total 33280K, used 13808K [0x00000000d5580000, 0x00000000da280000, 0x0000000100000000)
  eden space 19456K, 0% used [0x00000000d5580000,0x00000000d5580000,0x00000000d6880000)
  from space 13824K, 99% used [0x00000000d6980000,0x00000000d76fc010,0x00000000d7700000)
  to   space 29696K, 0% used [0x00000000d8580000,0x00000000d8580000,0x00000000da280000)
 ParOldGen       total 104448K, used 104181K [0x0000000080000000, 0x0000000086600000, 0x00000000d5580000)
  object space 104448K, 99% used [0x0000000080000000,0x00000000865bd438,0x0000000086600000)
 Metaspace       used 61980K, committed 63360K, reserved 1114112K
  class space    used 6803K, committed 7360K, reserved 1048576K
}
Event: 30.907 GC heap before
{Heap before GC invocations=43 (full 3):
 PSYoungGen      total 33280K, used 33264K [0x00000000d5580000, 0x00000000da280000, 0x0000000100000000)
  eden space 19456K, 100% used [0x00000000d5580000,0x00000000d6880000,0x00000000d6880000)
  from space 13824K, 99% used [0x00000000d6980000,0x00000000d76fc010,0x00000000d7700000)
  to   space 29696K, 0% used [0x00000000d8580000,0x00000000d8580000,0x00000000da280000)
 ParOldGen       total 104448K, used 104181K [0x0000000080000000, 0x0000000086600000, 0x00000000d5580000)
  object space 104448K, 99% used [0x0000000080000000,0x00000000865bd438,0x0000000086600000)
 Metaspace       used 62973K, committed 64320K, reserved 1114112K
  class space    used 6893K, committed 7424K, reserved 1048576K
}
Event: 30.914 GC heap after
{Heap after GC invocations=43 (full 3):
 PSYoungGen      total 20992K, used 1392K [0x00000000d5580000, 0x00000000d8700000, 0x0000000100000000)
  eden space 19456K, 0% used [0x00000000d5580000,0x00000000d5580000,0x00000000d6880000)
  from space 1536K, 90% used [0x00000000d8580000,0x00000000d86dc060,0x00000000d8700000)
  to   space 10752K, 0% used [0x00000000d7200000,0x00000000d7200000,0x00000000d7c80000)
 ParOldGen       total 117760K, used 117562K [0x0000000080000000, 0x0000000087300000, 0x00000000d5580000)
  object space 117760K, 99% used [0x0000000080000000,0x00000000872ce800,0x0000000087300000)
 Metaspace       used 62973K, committed 64320K, reserved 1114112K
  class space    used 6893K, committed 7424K, reserved 1048576K
}

Dll operation events (12 events):
Event: 0.009 Loaded shared library c:\Users\Nickd\.vscode\extensions\redhat.java-1.46.0-win32-x64\jre\21.0.8-win32-x86_64\bin\java.dll
Event: 0.064 Loaded shared library c:\Users\Nickd\.vscode\extensions\redhat.java-1.46.0-win32-x64\jre\21.0.8-win32-x86_64\bin\zip.dll
Event: 0.082 Loaded shared library C:\Users\Nickd\.vscode\extensions\redhat.java-1.46.0-win32-x64\jre\21.0.8-win32-x86_64\bin\instrument.dll
Event: 0.086 Loaded shared library C:\Users\Nickd\.vscode\extensions\redhat.java-1.46.0-win32-x64\jre\21.0.8-win32-x86_64\bin\net.dll
Event: 0.089 Loaded shared library C:\Users\Nickd\.vscode\extensions\redhat.java-1.46.0-win32-x64\jre\21.0.8-win32-x86_64\bin\nio.dll
Event: 0.092 Loaded shared library C:\Users\Nickd\.vscode\extensions\redhat.java-1.46.0-win32-x64\jre\21.0.8-win32-x86_64\bin\zip.dll
Event: 0.106 Loaded shared library C:\Users\Nickd\.vscode\extensions\redhat.java-1.46.0-win32-x64\jre\21.0.8-win32-x86_64\bin\jimage.dll
Event: 0.177 Loaded shared library c:\Users\Nickd\.vscode\extensions\redhat.java-1.46.0-win32-x64\jre\21.0.8-win32-x86_64\bin\verify.dll
Event: 6.860 Loaded shared library C:\Users\Nickd\AppData\Roaming\Code\User\globalStorage\redhat.java\1.46.0\config_win\org.eclipse.equinox.launcher\org.eclipse.equinox.launcher.win32.win32.x86_64_1.2.1400.v20250801-0854\eclipse_11916.dll
Event: 16.924 Loaded shared library C:\Users\Nickd\AppData\Local\Temp\jna-75261249\jna12310379724076375245.dll
Event: 17.951 Loaded shared library C:\Users\Nickd\.vscode\extensions\redhat.java-1.46.0-win32-x64\jre\21.0.8-win32-x86_64\bin\sunmscapi.dll
Event: 18.298 Loaded shared library C:\Users\Nickd\.vscode\extensions\redhat.java-1.46.0-win32-x64\jre\21.0.8-win32-x86_64\bin\extnet.dll

Deoptimization events (20 events):
Event: 317.669 Thread 0x000002038d750f60 DEOPT PACKING pc=0x0000020339937544 sp=0x0000009a0f5fd250
Event: 317.669 Thread 0x000002038d750f60 DEOPT UNPACKING pc=0x0000020339256da2 sp=0x0000009a0f5fd1d8 mode 2
Event: 28369.821 Thread 0x00000203889a6680 DEOPT PACKING pc=0x00000203324c5e5b sp=0x0000009a0b8fe560
Event: 28369.822 Thread 0x00000203889a6680 DEOPT UNPACKING pc=0x00000203392578e2 sp=0x0000009a0b8fd9e8 mode 0
Event: 28402.606 Thread 0x00000203889a6680 Uncommon trap: trap_request=0xffffffcc fr.pc=0x0000020339b58118 relative=0x00000000000028d8
Event: 28402.606 Thread 0x00000203889a6680 Uncommon trap: reason=intrinsic_or_type_checked_inlining action=make_not_entrant pc=0x0000020339b58118 method=java.util.ArrayList$SubList.toArray([Ljava/lang/Object;)[Ljava/lang/Object; @ 58 c2
Event: 28402.606 Thread 0x00000203889a6680 DEOPT PACKING pc=0x0000020339b58118 sp=0x0000009a0b8fb830
Event: 28402.607 Thread 0x00000203889a6680 DEOPT UNPACKING pc=0x0000020339256da2 sp=0x0000009a0b8fb5f0 mode 2
Event: 28425.684 Thread 0x00000203889a6680 Uncommon trap: trap_request=0xffffffde fr.pc=0x0000020339afcd98 relative=0x0000000000000078
Event: 28425.684 Thread 0x00000203889a6680 Uncommon trap: reason=class_check action=maybe_recompile pc=0x0000020339afcd98 method=java.util.LinkedHashMap.afterNodeInsertion(Z)V @ 15 c2
Event: 28425.685 Thread 0x00000203889a6680 DEOPT PACKING pc=0x0000020339afcd98 sp=0x0000009a0b8fec00
Event: 28425.685 Thread 0x00000203889a6680 DEOPT UNPACKING pc=0x0000020339256da2 sp=0x0000009a0b8feb78 mode 2
Event: 28425.936 Thread 0x000002038d750f60 DEOPT PACKING pc=0x0000020332b1c69a sp=0x0000009a0f5fe2b0
Event: 28425.936 Thread 0x000002038d750f60 DEOPT UNPACKING pc=0x00000203392578e2 sp=0x0000009a0f5fd758 mode 0
Event: 28425.948 Thread 0x000002038d750f60 DEOPT PACKING pc=0x000002033207b369 sp=0x0000009a0f5fe0b0
Event: 28425.948 Thread 0x000002038d750f60 DEOPT UNPACKING pc=0x00000203392578e2 sp=0x0000009a0f5fd5d0 mode 0
Event: 28426.276 Thread 0x00000203889a6680 Uncommon trap: trap_request=0xffffffde fr.pc=0x0000020339afcd98 relative=0x0000000000000078
Event: 28426.276 Thread 0x00000203889a6680 Uncommon trap: reason=class_check action=maybe_recompile pc=0x0000020339afcd98 method=java.util.LinkedHashMap.afterNodeInsertion(Z)V @ 15 c2
Event: 28426.276 Thread 0x00000203889a6680 DEOPT PACKING pc=0x0000020339afcd98 sp=0x0000009a0b8fec00
Event: 28426.276 Thread 0x00000203889a6680 DEOPT UNPACKING pc=0x0000020339256da2 sp=0x0000009a0b8feb78 mode 2

Classes loaded (20 events):
Event: 317.550 Loading class java/util/stream/Nodes$CollectorTask$OfRef
Event: 317.551 Loading class java/util/stream/Nodes$CollectorTask
Event: 317.555 Loading class java/util/stream/Nodes$CollectorTask done
Event: 317.555 Loading class java/util/stream/Nodes$CollectorTask$OfRef done
Event: 317.556 Loading class java/util/function/LongFunction
Event: 317.557 Loading class java/util/function/LongFunction done
Event: 317.559 Loading class java/util/stream/Nodes$ConcNode
Event: 317.559 Loading class java/util/stream/Nodes$AbstractConcNode
Event: 317.561 Loading class java/util/stream/Nodes$AbstractConcNode done
Event: 317.561 Loading class java/util/stream/Nodes$ConcNode done
Event: 317.609 Loading class java/util/stream/Nodes$ToArrayTask$OfRef
Event: 317.610 Loading class java/util/stream/Nodes$ToArrayTask
Event: 317.610 Loading class java/util/stream/Nodes$ToArrayTask done
Event: 317.611 Loading class java/util/stream/Nodes$ToArrayTask$OfRef done
Event: 317.615 Loading class java/io/ObjectOutputStream$BlockDataOutputStream
Event: 317.618 Loading class java/io/ObjectOutputStream$BlockDataOutputStream done
Event: 317.618 Loading class java/io/ObjectOutputStream$HandleTable
Event: 317.619 Loading class java/io/ObjectOutputStream$HandleTable done
Event: 317.619 Loading class java/io/ObjectOutputStream$ReplaceTable
Event: 317.619 Loading class java/io/ObjectOutputStream$ReplaceTable done

Classes unloaded (7 events):
Event: 17.350 Thread 0x00000203452b45c0 Unloading class 0x00000203471a5000 'java/lang/invoke/LambdaForm$MH+0x00000203471a5000'
Event: 17.350 Thread 0x00000203452b45c0 Unloading class 0x00000203471a4c00 'java/lang/invoke/LambdaForm$MH+0x00000203471a4c00'
Event: 17.350 Thread 0x00000203452b45c0 Unloading class 0x00000203471a4800 'java/lang/invoke/LambdaForm$MH+0x00000203471a4800'
Event: 17.350 Thread 0x00000203452b45c0 Unloading class 0x00000203471a4400 'java/lang/invoke/LambdaForm$MH+0x00000203471a4400'
Event: 17.350 Thread 0x00000203452b45c0 Unloading class 0x00000203471a4000 'java/lang/invoke/LambdaForm$BMH+0x00000203471a4000'
Event: 17.350 Thread 0x00000203452b45c0 Unloading class 0x00000203471a3c00 'java/lang/invoke/LambdaForm$DMH+0x00000203471a3c00'
Event: 17.350 Thread 0x00000203452b45c0 Unloading class 0x00000203471a2800 'java/lang/invoke/LambdaForm$DMH+0x00000203471a2800'

Classes redefined (0 events):
No events

Internal exceptions (20 events):
Event: 21.047 Thread 0x000002038ea32d60 Exception <a 'sun/nio/fs/WindowsException'{0x00000000d57d7bb8}> (0x00000000d57d7bb8) 
thrown [s\src\hotspot\share\prims\jni.cpp, line 520]
Event: 21.047 Thread 0x000002038ea32d60 Exception <a 'sun/nio/fs/WindowsException'{0x00000000d57d84b8}> (0x00000000d57d84b8) 
thrown [s\src\hotspot\share\prims\jni.cpp, line 520]
Event: 21.047 Thread 0x000002038ea32d60 Exception <a 'sun/nio/fs/WindowsException'{0x00000000d57d9370}> (0x00000000d57d9370) 
thrown [s\src\hotspot\share\prims\jni.cpp, line 520]
Event: 21.047 Thread 0x000002038ea32d60 Exception <a 'sun/nio/fs/WindowsException'{0x00000000d5b25af0}> (0x00000000d5b25af0) 
thrown [s\src\hotspot\share\prims\jni.cpp, line 520]
Event: 21.048 Thread 0x000002038ea32d60 Exception <a 'sun/nio/fs/WindowsException'{0x00000000d5b27140}> (0x00000000d5b27140) 
thrown [s\src\hotspot\share\prims\jni.cpp, line 520]
Event: 21.048 Thread 0x000002038ea32d60 Exception <a 'sun/nio/fs/WindowsException'{0x00000000d5b27a20}> (0x00000000d5b27a20) 
thrown [s\src\hotspot\share\prims\jni.cpp, line 520]
Event: 21.048 Thread 0x000002038ea32d60 Exception <a 'sun/nio/fs/WindowsException'{0x00000000d5b288b0}> (0x00000000d5b288b0) 
thrown [s\src\hotspot\share\prims\jni.cpp, line 520]
Event: 21.048 Thread 0x000002038ea32d60 Exception <a 'sun/nio/fs/WindowsException'{0x00000000d5b28ee0}> (0x00000000d5b28ee0) 
thrown [s\src\hotspot\share\prims\jni.cpp, line 520]
Event: 21.178 Thread 0x00000203889a45b0 Exception <a 'java/lang/NoSuchMethodError'{0x00000000d62693c8}: 'java.lang.Object java.lang.invoke.DirectMethodHandle$Holder.invokeSpecial(java.lang.Object, java.lang.Object, int, long)'> (0x00000000d62693c8) 
thrown [s\src\hotspot\share\interpreter\linkResolver.cpp, line 773]
Event: 22.349 Thread 0x000002038d7543e0 Exception <a 'java/lang/IncompatibleClassChangeError'{0x00000000d61fb788}: Found class java.lang.Object, but interface was expected> (0x00000000d61fb788) 
thrown [s\src\hotspot\share\interpreter\linkResolver.cpp, line 840]
Event: 22.359 Thread 0x000002038ea333f0 Exception <a 'java/lang/ArrayIndexOutOfBoundsException'{0x00000000d6698148}: Index 1390 out of bounds for length 1390> (0x00000000d6698148) 
thrown [s\src\hotspot\share\interpreter\interpreterRuntime.cpp, line 439]
Event: 22.359 Thread 0x000002038ea333f0 Exception <a 'java/lang/ArrayIndexOutOfBoundsException'{0x00000000d6698738}: Index 1390 out of bounds for length 1390> (0x00000000d6698738) 
thrown [s\src\hotspot\share\interpreter\interpreterRuntime.cpp, line 439]
Event: 317.671 Thread 0x000002038d750f60 Exception <a 'java/lang/NoSuchMethodError'{0x00000000d58878e0}: 'java.lang.Object java.lang.invoke.DirectMethodHandle$Holder.newInvokeSpecial(java.lang.Object, java.lang.Object, java.lang.Object, java.lang.Object, java.lang.Object, java.lang.Object, java.lang.Object, java.lang.Object)'> (0x00000000d58878e0) 
thrown [s\src\hotspot\share\interpreter\linkResolver.cpp, line 773]
Event: 28402.381 Thread 0x000002038d7543e0 Exception <a 'java/lang/IncompatibleClassChangeError'{0x00000000d59597c8}: Found class java.lang.Object, but interface was expected> (0x00000000d59597c8) 
thrown [s\src\hotspot\share\interpreter\linkResolver.cpp, line 840]
Event: 28425.586 Thread 0x00000203889a52d0 Exception <a 'java/lang/ArrayIndexOutOfBoundsException'{0x00000000d63ed068}: Index 1390 out of bounds for length 1390> (0x00000000d63ed068) 
thrown [s\src\hotspot\share\interpreter\interpreterRuntime.cpp, line 439]
Event: 28425.586 Thread 0x00000203889a52d0 Exception <a 'java/lang/ArrayIndexOutOfBoundsException'{0x00000000d63ed658}: Index 1390 out of bounds for length 1390> (0x00000000d63ed658) 
thrown [s\src\hotspot\share\interpreter\interpreterRuntime.cpp, line 439]
Event: 28425.678 Thread 0x000002038d7543e0 Exception <a 'java/lang/IncompatibleClassChangeError'{0x00000000d6435e60}: Found class java.lang.Object, but interface was expected> (0x00000000d6435e60) 
thrown [s\src\hotspot\share\interpreter\linkResolver.cpp, line 840]
Event: 28425.731 Thread 0x00000203889a6680 Exception <a 'java/lang/NoSuchMethodError'{0x00000000d648bab8}: 'java.lang.Object java.lang.invoke.DirectMethodHandle$Holder.invokeSpecial(java.lang.Object, java.lang.Object, java.lang.Object, java.lang.Object, int, java.lang.Object, java.lang.Object)'> (0x00000000d648bab8) 
thrown [s\src\hotspot\share\interpreter\linkResolver.cpp, line 773]
Event: 28425.757 Thread 0x00000203889a6680 Exception <a 'java/lang/ArrayIndexOutOfBoundsException'{0x00000000d64a3690}: Index 1390 out of bounds for length 1390> (0x00000000d64a3690) 
thrown [s\src\hotspot\share\interpreter\interpreterRuntime.cpp, line 439]
Event: 28425.757 Thread 0x00000203889a6680 Exception <a 'java/lang/ArrayIndexOutOfBoundsException'{0x00000000d64a3c80}: Index 1390 out of bounds for length 1390> (0x00000000d64a3c80) 
thrown [s\src\hotspot\share\interpreter\interpreterRuntime.cpp, line 439]

ZGC Phase Switch (0 events):
No events

VM Operations (20 events):
Event: 80661.940 Executing VM operation: HandshakeAllThreads (HandshakeForDeflation)
Event: 80661.940 Executing VM operation: HandshakeAllThreads (HandshakeForDeflation) done
Event: 80661.940 Executing VM operation: RendezvousGCThreads
Event: 80661.940 Executing VM operation: RendezvousGCThreads done
Event: 80721.957 Executing VM operation: HandshakeAllThreads (HandshakeForDeflation)
Event: 80721.957 Executing VM operation: HandshakeAllThreads (HandshakeForDeflation) done
Event: 80721.957 Executing VM operation: RendezvousGCThreads
Event: 80721.957 Executing VM operation: RendezvousGCThreads done
Event: 80782.096 Executing VM operation: HandshakeAllThreads (HandshakeForDeflation)
Event: 80782.096 Executing VM operation: HandshakeAllThreads (HandshakeForDeflation) done
Event: 80782.096 Executing VM operation: RendezvousGCThreads
Event: 80782.096 Executing VM operation: RendezvousGCThreads done
Event: 80842.114 Executing VM operation: HandshakeAllThreads (HandshakeForDeflation)
Event: 80842.114 Executing VM operation: HandshakeAllThreads (HandshakeForDeflation) done
Event: 80842.114 Executing VM operation: RendezvousGCThreads
Event: 80842.114 Executing VM operation: RendezvousGCThreads done
Event: 80902.174 Executing VM operation: HandshakeAllThreads (HandshakeForDeflation)
Event: 80902.175 Executing VM operation: HandshakeAllThreads (HandshakeForDeflation) done
Event: 80902.175 Executing VM operation: RendezvousGCThreads
Event: 80902.175 Executing VM operation: RendezvousGCThreads done

Memory protections (0 events):
No events

Nmethod flushes (20 events):
Event: 20.695 Thread 0x00000203452b45c0 flushing  nmethod 0x00000203323f3b10
Event: 20.695 Thread 0x00000203452b45c0 flushing  nmethod 0x00000203323fb110
Event: 20.695 Thread 0x00000203452b45c0 flushing  nmethod 0x00000203323fdd90
Event: 20.695 Thread 0x00000203452b45c0 flushing  nmethod 0x0000020332415010
Event: 20.695 Thread 0x00000203452b45c0 flushing  nmethod 0x0000020332427f10
Event: 20.695 Thread 0x00000203452b45c0 flushing  nmethod 0x000002033242c410
Event: 20.695 Thread 0x00000203452b45c0 flushing  nmethod 0x000002033249b290
Event: 20.695 Thread 0x00000203452b45c0 flushing  nmethod 0x000002033249c590
Event: 20.695 Thread 0x00000203452b45c0 flushing  nmethod 0x00000203324adc10
Event: 20.695 Thread 0x00000203452b45c0 flushing  nmethod 0x00000203324b2310
Event: 20.695 Thread 0x00000203452b45c0 flushing  nmethod 0x00000203324cbf90
Event: 20.695 Thread 0x00000203452b45c0 flushing  nmethod 0x00000203324ddf90
Event: 20.695 Thread 0x00000203452b45c0 flushing  nmethod 0x00000203324df410
Event: 20.695 Thread 0x00000203452b45c0 flushing  nmethod 0x00000203324e2910
Event: 20.695 Thread 0x00000203452b45c0 flushing  nmethod 0x00000203324e3010
Event: 20.695 Thread 0x00000203452b45c0 flushing  nmethod 0x00000203324e4710
Event: 20.695 Thread 0x00000203452b45c0 flushing  nmethod 0x00000203324e4b90
Event: 20.695 Thread 0x00000203452b45c0 flushing  nmethod 0x00000203324f8e90
Event: 20.695 Thread 0x00000203452b45c0 flushing  nmethod 0x0000020332507110
Event: 20.695 Thread 0x00000203452b45c0 flushing  nmethod 0x00000203325a6110

Events (20 events):
Event: 317.609 Thread 0x000002038ea2f8e0 Thread added: 0x000002038ea30600
Event: 317.611 Thread 0x000002038ea2f8e0 Thread exited: 0x000002038ea2f8e0
Event: 317.611 Thread 0x000002038ea30600 Thread exited: 0x000002038ea30600
Event: 320.923 Thread 0x000002038ea30c90 Thread exited: 0x000002038ea30c90
Event: 322.381 Thread 0x000002038ea32d60 Thread exited: 0x000002038ea32d60
Event: 382.393 Thread 0x000002038ea326d0 Thread exited: 0x000002038ea326d0
Event: 442.398 Thread 0x000002038ea2ebc0 Thread exited: 0x000002038ea2ebc0
Event: 502.415 Thread 0x000002038ea2d810 Thread exited: 0x000002038ea2d810
Event: 562.425 Thread 0x000002038ea2ff70 Thread exited: 0x000002038ea2ff70
Event: 660.564 Thread 0x000002038ea2f250 Thread exited: 0x000002038ea2f250
Event: 28369.794 Thread 0x000002038d7543e0 Thread added: 0x00000203889a6680
Event: 28402.822 Thread 0x00000203889a6680 Thread added: 0x00000203889a45b0
Event: 28402.824 Thread 0x00000203889a6680 Thread added: 0x00000203889a52d0
Event: 28402.878 Thread 0x00000203889a6680 Thread added: 0x000002038d7536c0
Event: 28426.277 Thread 0x00000203877c8820 Thread added: 0x0000020399e335b0
Event: 28426.492 Thread 0x0000020399e335b0 Thread exited: 0x0000020399e335b0
Event: 28486.286 Thread 0x00000203889a6680 Thread exited: 0x00000203889a6680
Event: 28546.291 Thread 0x00000203889a52d0 Thread exited: 0x00000203889a52d0
Event: 28606.288 Thread 0x000002038d7536c0 Thread exited: 0x000002038d7536c0
Event: 28666.296 Thread 0x00000203889a45b0 Thread exited: 0x00000203889a45b0


Dynamic libraries:
0x00007ff6f0b80000 - 0x00007ff6f0b8e000 	c:\Users\Nickd\.vscode\extensions\redhat.java-1.46.0-win32-x64\jre\21.0.8-win32-x86_64\bin\java.exe
0x00007ff923920000 - 0x00007ff923b88000 	C:\Windows\SYSTEM32\ntdll.dll
0x00007ff922c60000 - 0x00007ff922d29000 	C:\Windows\System32\KERNEL32.DLL
0x00007ff920f50000 - 0x00007ff921342000 	C:\Windows\System32\KERNELBASE.dll
0x00007ff920e00000 - 0x00007ff920f4b000 	C:\Windows\System32\ucrtbase.dll
0x00007ff91d140000 - 0x00007ff91d15e000 	c:\Users\Nickd\.vscode\extensions\redhat.java-1.46.0-win32-x64\jre\21.0.8-win32-x86_64\bin\VCRUNTIME140.dll
0x00007ff919ec0000 - 0x00007ff919ed8000 	c:\Users\Nickd\.vscode\extensions\redhat.java-1.46.0-win32-x64\jre\21.0.8-win32-x86_64\bin\jli.dll
0x00007ff921700000 - 0x00007ff9218c5000 	C:\Windows\System32\USER32.dll
0x00007ff90a770000 - 0x00007ff90aa03000 	C:\Windows\WinSxS\amd64_microsoft.windows.common-controls_6595b64144ccf1df_6.0.26100.6899_none_3e0efeeae32e88c1\COMCTL32.dll
0x00007ff920d40000 - 0x00007ff920d67000 	C:\Windows\System32\win32u.dll
0x00007ff922d60000 - 0x00007ff922e09000 	C:\Windows\System32\msvcrt.dll
0x00007ff922d30000 - 0x00007ff922d5b000 	C:\Windows\System32\GDI32.dll
0x00007ff920c10000 - 0x00007ff920d3d000 	C:\Windows\System32\gdi32full.dll
0x00007ff921640000 - 0x00007ff9216e3000 	C:\Windows\System32\msvcp_win.dll
0x00007ff923820000 - 0x00007ff92384f000 	C:\Windows\System32\IMM32.DLL
0x00007ff9058e0000 - 0x00007ff9059d2000 	C:\Program Files\Windhawk\Engine\1.6.1\64\windhawk.dll
0x00007ff923140000 - 0x00007ff9231f4000 	C:\Windows\System32\ADVAPI32.dll
0x00007ff9219d0000 - 0x00007ff921a76000 	C:\Windows\System32\sechost.dll
0x00007ff922170000 - 0x00007ff922288000 	C:\Windows\System32\RPCRT4.dll
0x00007ff919eb0000 - 0x00007ff919ebc000 	c:\Users\Nickd\.vscode\extensions\redhat.java-1.46.0-win32-x64\jre\21.0.8-win32-x86_64\bin\vcruntime140_1.dll
0x00007ff90a310000 - 0x00007ff90a39d000 	c:\Users\Nickd\.vscode\extensions\redhat.java-1.46.0-win32-x64\jre\21.0.8-win32-x86_64\bin\msvcp140.dll
0x00007ff876da0000 - 0x00007ff877b37000 	c:\Users\Nickd\.vscode\extensions\redhat.java-1.46.0-win32-x64\jre\21.0.8-win32-x86_64\bin\server\jvm.dll
0x00007ff921d70000 - 0x00007ff921de4000 	C:\Windows\System32\WS2_32.dll
0x00007ff920930000 - 0x00007ff92098e000 	C:\Windows\SYSTEM32\POWRPROF.dll
0x00007ff91d400000 - 0x00007ff91d435000 	C:\Windows\SYSTEM32\WINMM.dll
0x00007ff90cbc0000 - 0x00007ff90cbcb000 	C:\Windows\SYSTEM32\VERSION.dll
0x00007ff920910000 - 0x00007ff920924000 	C:\Windows\SYSTEM32\UMPDC.dll
0x00007ff91f860000 - 0x00007ff91f87b000 	C:\Windows\SYSTEM32\kernel.appcore.dll
0x00007ff919ea0000 - 0x00007ff919eaa000 	c:\Users\Nickd\.vscode\extensions\redhat.java-1.46.0-win32-x64\jre\21.0.8-win32-x86_64\bin\jimage.dll
0x00007ff91e110000 - 0x00007ff91e352000 	C:\Windows\SYSTEM32\DBGHELP.DLL
0x00007ff921df0000 - 0x00007ff92216b000 	C:\Windows\System32\combase.dll
0x00007ff922a70000 - 0x00007ff922b47000 	C:\Windows\System32\OLEAUT32.dll
0x00007ff91d3c0000 - 0x00007ff91d3fc000 	C:\Windows\SYSTEM32\dbgcore.DLL
0x00007ff920b70000 - 0x00007ff920c08000 	C:\Windows\System32\bcryptPrimitives.dll
0x00007ff919e90000 - 0x00007ff919e9f000 	c:\Users\Nickd\.vscode\extensions\redhat.java-1.46.0-win32-x64\jre\21.0.8-win32-x86_64\bin\instrument.dll
0x00007ff912ad0000 - 0x00007ff912aef000 	c:\Users\Nickd\.vscode\extensions\redhat.java-1.46.0-win32-x64\jre\21.0.8-win32-x86_64\bin\java.dll
0x00007ff922290000 - 0x00007ff9229dd000 	C:\Windows\System32\SHELL32.dll
0x00007ff921350000 - 0x00007ff9214bb000 	C:\Windows\System32\wintypes.dll
0x00007ff91e6c0000 - 0x00007ff91ef1d000 	C:\Windows\SYSTEM32\windows.storage.dll
0x00007ff9218d0000 - 0x00007ff9219c2000 	C:\Windows\System32\SHCORE.dll
0x00007ff922a00000 - 0x00007ff922a62000 	C:\Windows\System32\shlwapi.dll
0x00007ff9209d0000 - 0x00007ff9209f9000 	C:\Windows\SYSTEM32\profapi.dll
0x00007ff90e610000 - 0x00007ff90e628000 	c:\Users\Nickd\.vscode\extensions\redhat.java-1.46.0-win32-x64\jre\21.0.8-win32-x86_64\bin\zip.dll
0x00007ff911980000 - 0x00007ff911990000 	C:\Users\Nickd\.vscode\extensions\redhat.java-1.46.0-win32-x64\jre\21.0.8-win32-x86_64\bin\net.dll
0x00007ff919800000 - 0x00007ff91991f000 	C:\Windows\SYSTEM32\WINHTTP.dll
0x00007ff91fdf0000 - 0x00007ff91fe5b000 	C:\Windows\system32\mswsock.dll
0x00007ff90cf40000 - 0x00007ff90cf56000 	C:\Users\Nickd\.vscode\extensions\redhat.java-1.46.0-win32-x64\jre\21.0.8-win32-x86_64\bin\nio.dll
0x00007ff90fb90000 - 0x00007ff90fba0000 	c:\Users\Nickd\.vscode\extensions\redhat.java-1.46.0-win32-x64\jre\21.0.8-win32-x86_64\bin\verify.dll
0x00007ff90a280000 - 0x00007ff90a2c4000 	C:\Users\Nickd\AppData\Roaming\Code\User\globalStorage\redhat.java\1.46.0\config_win\org.eclipse.equinox.launcher\org.eclipse.equinox.launcher.win32.win32.x86_64_1.2.1400.v20250801-0854\eclipse_11916.dll
0x00007ff922fa0000 - 0x00007ff923138000 	C:\Windows\System32\ole32.dll
0x00007ff9200b0000 - 0x00007ff9200cb000 	C:\Windows\SYSTEM32\CRYPTSP.dll
0x00007ff91f7c0000 - 0x00007ff91f7fb000 	C:\Windows\system32\rsaenh.dll
0x00007ff91fe90000 - 0x00007ff91febb000 	C:\Windows\SYSTEM32\USERENV.dll
0x00007ff9209a0000 - 0x00007ff9209c6000 	C:\Windows\SYSTEM32\bcrypt.dll
0x00007ff9200a0000 - 0x00007ff9200ac000 	C:\Windows\SYSTEM32\CRYPTBASE.dll
0x00007ff91f300000 - 0x00007ff91f334000 	C:\Windows\SYSTEM32\IPHLPAPI.DLL
0x00007ff9216f0000 - 0x00007ff9216fa000 	C:\Windows\System32\NSI.dll
0x00007ff90a190000 - 0x00007ff90a1d9000 	C:\Users\Nickd\AppData\Local\Temp\jna-75261249\jna12310379724076375245.dll
0x00007ff923220000 - 0x00007ff923228000 	C:\Windows\System32\PSAPI.DLL
0x00007ff919fe0000 - 0x00007ff919ffe000 	C:\Windows\SYSTEM32\dhcpcsvc6.DLL
0x00007ff919fb0000 - 0x00007ff919fd3000 	C:\Windows\SYSTEM32\dhcpcsvc.DLL
0x00007ff90ebb0000 - 0x00007ff90ebbe000 	C:\Users\Nickd\.vscode\extensions\redhat.java-1.46.0-win32-x64\jre\21.0.8-win32-x86_64\bin\sunmscapi.dll
0x00007ff9214c0000 - 0x00007ff921637000 	C:\Windows\System32\CRYPT32.dll
0x00007ff9202c0000 - 0x00007ff9202f0000 	C:\Windows\SYSTEM32\ncrypt.dll
0x00007ff920270000 - 0x00007ff9202af000 	C:\Windows\SYSTEM32\NTASN1.dll
0x00007ff91f340000 - 0x00007ff91f466000 	C:\Windows\SYSTEM32\DNSAPI.dll
0x00007ff9190c0000 - 0x00007ff9190cb000 	C:\Windows\System32\rasadhlp.dll
0x00007ff91a160000 - 0x00007ff91a1e6000 	C:\Windows\System32\fwpuclnt.dll
0x00007ff90cf30000 - 0x00007ff90cf39000 	C:\Users\Nickd\.vscode\extensions\redhat.java-1.46.0-win32-x64\jre\21.0.8-win32-x86_64\bin\extnet.dll

JVMTI agents:
c:\Users\Nickd\.vscode\extensions\redhat.java-1.46.0-win32-x64\lombok\lombok-1.18.39-4050.jar path:c:\Users\Nickd\.vscode\extensions\redhat.java-1.46.0-win32-x64\jre\21.0.8-win32-x86_64\bin\instrument.dll, loaded, initialized, instrumentlib options:none

dbghelp: loaded successfully - version: 4.0.5 - missing functions: none
symbol engine: initialized successfully - sym options: 0x614 - pdb path: .;c:\Users\Nickd\.vscode\extensions\redhat.java-1.46.0-win32-x64\jre\21.0.8-win32-x86_64\bin;C:\Windows\SYSTEM32;C:\Windows\WinSxS\amd64_microsoft.windows.common-controls_6595b64144ccf1df_6.0.26100.6899_none_3e0efeeae32e88c1;C:\Program Files\Windhawk\Engine\1.6.1\64;c:\Users\Nickd\.vscode\extensions\redhat.java-1.46.0-win32-x64\jre\21.0.8-win32-x86_64\bin\server;C:\Users\Nickd\AppData\Roaming\Code\User\globalStorage\redhat.java\1.46.0\config_win\org.eclipse.equinox.launcher\org.eclipse.equinox.launcher.win32.win32.x86_64_1.2.1400.v20250801-0854;C:\Users\Nickd\AppData\Local\Temp\jna-75261249

VM Arguments:
jvm_args: --add-modules=ALL-SYSTEM --add-opens=java.base/java.util=ALL-UNNAMED --add-opens=java.base/java.lang=ALL-UNNAMED --add-opens=java.base/sun.nio.fs=ALL-UNNAMED -Declipse.application=org.eclipse.jdt.ls.core.id1 -Dosgi.bundles.defaultStartLevel=4 -Declipse.product=org.eclipse.jdt.ls.core.product -Djava.import.generatesMetadataFilesAtProjectRoot=false -DDetectVMInstallationsJob.disabled=true -Dfile.encoding=utf8 -XX:+UseParallelGC -XX:GCTimeRatio=4 -XX:AdaptiveSizePolicyWeight=90 -Dsun.zip.disableMemoryMapping=true -Xmx2G -Xms100m -Xlog:disable -javaagent:c:\Users\Nickd\.vscode\extensions\redhat.java-1.46.0-win32-x64\lombok\lombok-1.18.39-4050.jar -XX:+HeapDumpOnOutOfMemoryError -XX:HeapDumpPath=c:\Users\Nickd\AppData\Roaming\Code\User\workspaceStorage\3b7f65a981b63cbc114263de887c70fd\redhat.java -Daether.dependencyCollector.impl=bf 
java_command: c:\Users\Nickd\.vscode\extensions\redhat.java-1.46.0-win32-x64\server\plugins\org.eclipse.equinox.launcher_1.7.0.v20250519-0528.jar -configuration c:\Users\Nickd\AppData\Roaming\Code\User\globalStorage\redhat.java\1.46.0\config_win -data c:\Users\Nickd\AppData\Roaming\Code\User\workspaceStorage\3b7f65a981b63cbc114263de887c70fd\redhat.java\jdt_ws --pipe=\\.\pipe\lsp-11c58fa885218169270a90afbb64b359-sock
java_class_path (initial): c:\Users\Nickd\.vscode\extensions\redhat.java-1.46.0-win32-x64\server\plugins\org.eclipse.equinox.launcher_1.7.0.v20250519-0528.jar
Launcher Type: SUN_STANDARD

[Global flags]
    uintx AdaptiveSizePolicyWeight                 = 90                                        {product} {command line}
     intx CICompilerCount                          = 4                                         {product} {ergonomic}
    uintx GCTimeRatio                              = 4                                         {product} {command line}
     bool HeapDumpOnOutOfMemoryError               = true                                   {manageable} {command line}
    ccstr HeapDumpPath                             = c:\Users\Nickd\AppData\Roaming\Code\User\workspaceStorage\3b7f65a981b63cbc114263de887c70fd\redhat.java         {manageable} {command line}
   size_t InitialHeapSize                          = 104857600                                 {product} {command line}
   size_t MaxHeapSize                              = 2147483648                                {product} {command line}
   size_t MaxNewSize                               = 715653120                                 {product} {ergonomic}
   size_t MinHeapDeltaBytes                        = 524288                                    {product} {ergonomic}
   size_t MinHeapSize                              = 104857600                                 {product} {command line}
   size_t NewSize                                  = 34603008                                  {product} {ergonomic}
    uintx NonNMethodCodeHeapSize                   = 5839372                                {pd product} {ergonomic}
    uintx NonProfiledCodeHeapSize                  = 122909434                              {pd product} {ergonomic}
   size_t OldSize                                  = 70254592                                  {product} {ergonomic}
    uintx ProfiledCodeHeapSize                     = 122909434                              {pd product} {ergonomic}
    uintx ReservedCodeCacheSize                    = 251658240                              {pd product} {ergonomic}
     bool SegmentedCodeCache                       = true                                      {product} {ergonomic}
   size_t SoftMaxHeapSize                          = 2147483648                             {manageable} {ergonomic}
     bool UseCompressedOops                        = true                           {product lp64_product} {ergonomic}
     bool UseLargePagesIndividualAllocation        = false                                  {pd product} {ergonomic}
     bool UseParallelGC                            = true                                      {product} {command line}

Logging:
Log output configuration:
 #0: stdout all=off uptime,level,tags foldmultilines=false
 #1: stderr all=off uptime,level,tags foldmultilines=false

Environment Variables:
PATH=C:\Program Files\Common Files\Oracle\Java\javapath;C:\Windows\system32;C:\Windows;C:\Windows\System32\Wbem;C:\Windows\System32\WindowsPowerShell\v1.0\;C:\Windows\System32\OpenSSH\;C:\Program Files\dotnet\;C:\Program Files\Git\cmd;C:\Program Files\Docker\Docker\resources\bin;C:\Program Files\nodejs\;C:\ProgramData\chocolatey\bin;C:\msys64\mingw64\bin;C:\Users\Nickd\AppData\Local\Programs\Python\Launcher\;C:\Users\Nickd\AppData\Local\Microsoft\WindowsApps;C:\Users\Nickd\AppData\Local\Programs\Microsoft VS Code\bin;C:\Users\Nickd\AppData\Local\GitHubDesktop\bin;C:\Users\Nickd\AppData\Roaming\npm
USERNAME=Nickd
OS=Windows_NT
PROCESSOR_IDENTIFIER=AMD64 Family 25 Model 117 Stepping 2, AuthenticAMD
TMP=C:\Users\Nickd\AppData\Local\Temp
TEMP=C:\Users\Nickd\AppData\Local\Temp




Periodic native trim disabled

---------------  S Y S T E M  ---------------

OS:
 Windows 11 , 64 bit Build 26100 (10.0.26100.6725)
OS uptime: 8 days 1:14 hours
Hyper-V role detected

CPU: total 12 (initial active 12) (12 cores per cpu, 2 threads per core) family 25 model 117 stepping 2 microcode 0xa70520a, cx8, cmov, fxsr, ht, mmx, 3dnowpref, sse, sse2, sse3, ssse3, sse4a, sse4.1, sse4.2, popcnt, lzcnt, tsc, tscinvbit, avx, avx2, aes, erms, clmul, bmi1, bmi2, adx, avx512f, avx512dq, avx512cd, avx512bw, avx512vl, sha, fma, vzeroupper, avx512_vpopcntdq, avx512_vpclmulqdq, avx512_vaes, avx512_vnni, clflush, clflushopt, avx512_vbmi2, avx512_vbmi, hv, rdtscp, rdpid, fsrm, gfni, avx512_bitalg, f16c, cet_ss, avx512_ifma
Processor Information for processor 0
  Max Mhz: 3501, Current Mhz: 3501, Mhz Limit: 3501
Processor Information for processor 1
  Max Mhz: 3501, Current Mhz: 2790, Mhz Limit: 3501
Processor Information for processor 2
  Max Mhz: 3501, Current Mhz: 3501, Mhz Limit: 3501
Processor Information for processor 3
  Max Mhz: 3501, Current Mhz: 3501, Mhz Limit: 3501
Processor Information for processor 4
  Max Mhz: 3501, Current Mhz: 3501, Mhz Limit: 3501
Processor Information for processor 5
  Max Mhz: 3501, Current Mhz: 2790, Mhz Limit: 3501
Processor Information for processor 6
  Max Mhz: 3501, Current Mhz: 3501, Mhz Limit: 3501
Processor Information for processor 7
  Max Mhz: 3501, Current Mhz: 2790, Mhz Limit: 3501
Processor Information for processor 8
  Max Mhz: 3501, Current Mhz: 3501, Mhz Limit: 3501
Processor Information for processor 9
  Max Mhz: 3501, Current Mhz: 2790, Mhz Limit: 3501
Processor Information for processor 10
  Max Mhz: 3501, Current Mhz: 3501, Mhz Limit: 3501
Processor Information for processor 11
  Max Mhz: 3501, Current Mhz: 2790, Mhz Limit: 3501

Memory: 4k page, system-wide physical 7480M (714M free)
TotalPageFile size 30008M (AvailPageFile size 128M)
current process WorkingSet (physical memory assigned to process): 7M, peak: 375M
current process commit charge ("private bytes"): 413M, peak: 481M

vm_info: OpenJDK 64-Bit Server VM (21.0.8+9-LTS) for windows-amd64 JRE (21.0.8+9-LTS), built on 2025-07-15T00:00:00Z by "admin" with MS VC++ 17.7 (VS2022)

END.
